
POST /registration 10-09-2022_06:43:42
POST /registration 10-09-2022_07:34:30
POST /registration 10-09-2022_07:34:35
POST /registration 10-09-2022_08:31:15
POST /registration 10-09-2022_08:31:21
GET /token/ 10-09-2022_08:31:29
POST /deposit 10-09-2022_08:31:44
POST /deposit 10-09-2022_08:31:59
POST /deposit 10-09-2022_08:32:05
POST /deposit 10-09-2022_08:33:49
POST /deposit 10-09-2022_08:34:19
POST /deposit 10-09-2022_08:36:40
POST /deposit 10-09-2022_08:38:21
POST /deposit 10-09-2022_08:38:28
POST /deposit 10-09-2022_08:45:09
POST /deposit 10-09-2022_08:45:16
GET /rollback 10-09-2022_08:45:49
GET /rollback 10-09-2022_08:45:54
GET /rollback 10-09-2022_08:45:58
POST /game/create 10-09-2022_08:46:33
POST /game/create 10-09-2022_08:48:37
POST /game/create 10-09-2022_08:48:39
POST /game/buy 10-09-2022_08:48:57
POST /game/buy 10-09-2022_08:49:46
POST /game/buy 10-09-2022_08:50:06
POST /game/buy 10-09-2022_08:50:29
POST /game/create 10-09-2022_08:50:42
POST /game/buy 10-09-2022_08:50:48
POST /game/buy 10-09-2022_08:50:52